Started GET "/" for 172.24.0.1 at 2024-02-13 00:41:38 +0000
Cannot render console from 172.24.0.1! Allowed networks: 127.0.0.0/127.255.255.255, ::1
  [1m[36mActiveRecord::SchemaMigration Load (0.5ms)[0m  [1m[34mSELECT "schema_migrations"."version" FROM "schema_migrations" ORDER BY "schema_migrations"."version" ASC[0m
Processing by Rails::WelcomeController#index as HTML
  Rendering /usr/local/bundle/ruby/3.3.0/gems/railties-7.1.3/lib/rails/templates/rails/welcome/index.html.erb
  Rendered /usr/local/bundle/ruby/3.3.0/gems/railties-7.1.3/lib/rails/templates/rails/welcome/index.html.erb (Duration: 0.5ms | Allocations: 374)
Completed 200 OK in 16ms (Views: 3.6ms | ActiveRecord: 0.0ms | Allocations: 7749)


Started GET "/" for 172.24.0.1 at 2024-02-13 16:24:35 +0000
Cannot render console from 172.24.0.1! Allowed networks: 127.0.0.0/127.255.255.255, ::1
Processing by Rails::WelcomeController#index as HTML
  Rendering /usr/local/bundle/ruby/3.3.0/gems/railties-7.1.3/lib/rails/templates/rails/welcome/index.html.erb
  Rendered /usr/local/bundle/ruby/3.3.0/gems/railties-7.1.3/lib/rails/templates/rails/welcome/index.html.erb (Duration: 0.1ms | Allocations: 13)
Completed 200 OK in 1ms (Views: 0.7ms | ActiveRecord: 0.0ms | Allocations: 208)


Started GET "/" for 172.25.0.1 at 2024-02-13 19:42:47 +0000
Cannot render console from 172.25.0.1! Allowed networks: 127.0.0.0/127.255.255.255, ::1
  [1m[36mActiveRecord::SchemaMigration Load (1.1ms)[0m  [1m[34mSELECT "schema_migrations"."version" FROM "schema_migrations" ORDER BY "schema_migrations"."version" ASC[0m
Processing by Rails::WelcomeController#index as HTML
  Rendering /usr/local/bundle/ruby/3.3.0/gems/railties-7.1.3/lib/rails/templates/rails/welcome/index.html.erb
  Rendered /usr/local/bundle/ruby/3.3.0/gems/railties-7.1.3/lib/rails/templates/rails/welcome/index.html.erb (Duration: 0.4ms | Allocations: 374)
Completed 200 OK in 5ms (Views: 1.8ms | ActiveRecord: 0.0ms | Allocations: 4307)


Started GET "/" for 172.27.0.1 at 2024-02-13 20:04:10 +0000
Cannot render console from 172.27.0.1! Allowed networks: 127.0.0.0/127.255.255.255, ::1
  [1m[36mActiveRecord::SchemaMigration Load (0.7ms)[0m  [1m[34mSELECT "schema_migrations"."version" FROM "schema_migrations" ORDER BY "schema_migrations"."version" ASC[0m
Processing by Rails::WelcomeController#index as HTML
  Rendering /usr/local/bundle/ruby/3.3.0/gems/railties-7.1.3/lib/rails/templates/rails/welcome/index.html.erb
  Rendered /usr/local/bundle/ruby/3.3.0/gems/railties-7.1.3/lib/rails/templates/rails/welcome/index.html.erb (Duration: 0.6ms | Allocations: 374)
Completed 200 OK in 5ms (Views: 2.3ms | ActiveRecord: 0.0ms | Allocations: 4307)


Started GET "/" for 172.29.0.1 at 2024-02-13 20:09:51 +0000
Cannot render console from 172.29.0.1! Allowed networks: 127.0.0.0/127.255.255.255, ::1
  [1m[36mActiveRecord::SchemaMigration Load (0.5ms)[0m  [1m[34mSELECT "schema_migrations"."version" FROM "schema_migrations" ORDER BY "schema_migrations"."version" ASC[0m
Processing by Rails::WelcomeController#index as HTML
  Rendering /usr/local/bundle/ruby/3.3.0/gems/railties-7.1.3/lib/rails/templates/rails/welcome/index.html.erb
  Rendered /usr/local/bundle/ruby/3.3.0/gems/railties-7.1.3/lib/rails/templates/rails/welcome/index.html.erb (Duration: 1.4ms | Allocations: 374)
Completed 200 OK in 21ms (Views: 7.5ms | ActiveRecord: 0.0ms | Allocations: 7700)


Started GET "/" for 192.168.65.1 at 2024-02-13 20:26:04 +0000
Cannot render console from 192.168.65.1! Allowed networks: 127.0.0.0/127.255.255.255, ::1
  [1m[35m (7.1ms)[0m  [1m[35mCREATE TABLE "schema_migrations" ("version" character varying NOT NULL PRIMARY KEY)[0m
  [1m[35m (3.2ms)[0m  [1m[35mCREATE TABLE "ar_internal_metadata" ("key" character varying NOT NULL PRIMARY KEY, "value" character varying, "created_at" timestamp(6) NOT NULL, "updated_at" timestamp(6) NOT NULL)[0m
  [1m[36mActiveRecord::SchemaMigration Load (0.8ms)[0m  [1m[34mSELECT "schema_migrations"."version" FROM "schema_migrations" ORDER BY "schema_migrations"."version" ASC[0m
Processing by Rails::WelcomeController#index as HTML
  Rendering /usr/local/bundle/ruby/3.2.0/gems/railties-7.1.3/lib/rails/templates/rails/welcome/index.html.erb
  Rendered /usr/local/bundle/ruby/3.2.0/gems/railties-7.1.3/lib/rails/templates/rails/welcome/index.html.erb (Duration: 0.8ms | Allocations: 375)
Completed 200 OK in 48ms (Views: 12.1ms | ActiveRecord: 0.0ms | Allocations: 7890)


Started GET "/" for 192.168.65.1 at 2024-02-13 20:28:43 +0000
Cannot render console from 192.168.65.1! Allowed networks: 127.0.0.0/127.255.255.255, ::1
  [1m[36mActiveRecord::SchemaMigration Load (0.7ms)[0m  [1m[34mSELECT "schema_migrations"."version" FROM "schema_migrations" ORDER BY "schema_migrations"."version" ASC[0m
Processing by Rails::WelcomeController#index as HTML
  Rendering /usr/local/bundle/ruby/3.2.0/gems/railties-7.1.3/lib/rails/templates/rails/welcome/index.html.erb
  Rendered /usr/local/bundle/ruby/3.2.0/gems/railties-7.1.3/lib/rails/templates/rails/welcome/index.html.erb (Duration: 0.7ms | Allocations: 375)
Completed 200 OK in 43ms (Views: 11.0ms | ActiveRecord: 0.0ms | Allocations: 7892)


Started GET "/" for 192.168.48.1 at 2024-02-13 20:59:47 +0000
Cannot render console from 192.168.48.1! Allowed networks: 127.0.0.0/127.255.255.255, ::1
  [1m[36mActiveRecord::SchemaMigration Load (0.6ms)[0m  [1m[34mSELECT "schema_migrations"."version" FROM "schema_migrations" ORDER BY "schema_migrations"."version" ASC[0m
Processing by Rails::WelcomeController#index as HTML
  Rendering /usr/local/bundle/ruby/3.2.0/gems/railties-7.1.3/lib/rails/templates/rails/welcome/index.html.erb
  Rendered /usr/local/bundle/ruby/3.2.0/gems/railties-7.1.3/lib/rails/templates/rails/welcome/index.html.erb (Duration: 1.0ms | Allocations: 375)
Completed 200 OK in 15ms (Views: 4.5ms | ActiveRecord: 0.0ms | Allocations: 7891)


Started GET "/articles" for 192.168.48.1 at 2024-02-13 20:59:59 +0000
Cannot render console from 192.168.48.1! Allowed networks: 127.0.0.0/127.255.255.255, ::1
Processing by ArticlesController#index as HTML
  Rendering layout layouts/application.html.erb
  Rendering articles/index.html.erb within layouts/application
  Rendered articles/index.html.erb within layouts/application (Duration: 0.4ms | Allocations: 94)
  Rendered layout layouts/application.html.erb (Duration: 187.8ms | Allocations: 72999)
Completed 200 OK in 190ms (Views: 189.2ms | ActiveRecord: 0.0ms | Allocations: 73920)


Started GET "/" for 192.168.65.1 at 2024-02-13 22:00:20 +0000
Cannot render console from 192.168.65.1! Allowed networks: 127.0.0.0/127.255.255.255, ::1
  [1m[36mActiveRecord::SchemaMigration Load (1.3ms)[0m  [1m[34mSELECT "schema_migrations"."version" FROM "schema_migrations" ORDER BY "schema_migrations"."version" ASC[0m
  
ActiveRecord::PendingMigrationError (

Migrations are pending. To resolve this issue, run:

        bin/rails db:migrate

You have 1 pending migration:

db/migrate/20240213210737_create_articles.rb


):
  
activerecord (7.1.3) lib/active_record/migration.rb:755:in `check_pending_migrations'
activerecord (7.1.3) lib/active_record/migration.rb:644:in `block (2 levels) in call'
activesupport (7.1.3) lib/active_support/file_update_checker.rb:85:in `execute'
activerecord (7.1.3) lib/active_record/migration.rb:649:in `block in call'
activerecord (7.1.3) lib/active_record/migration.rb:641:in `synchronize'
activerecord (7.1.3) lib/active_record/migration.rb:641:in `call'
actionpack (7.1.3) lib/action_dispatch/middleware/callbacks.rb:29:in `block in call'
activesupport (7.1.3) lib/active_support/callbacks.rb:101:in `run_callbacks'
actionpack (7.1.3) lib/action_dispatch/middleware/callbacks.rb:28:in `call'
actionpack (7.1.3) lib/action_dispatch/middleware/executor.rb:14:in `call'
actionpack (7.1.3) lib/action_dispatch/middleware/actionable_exceptions.rb:16:in `call'
actionpack (7.1.3) lib/action_dispatch/middleware/debug_exceptions.rb:29:in `call'
web-console (4.2.1) lib/web_console/middleware.rb:132:in `call_app'
web-console (4.2.1) lib/web_console/middleware.rb:19:in `block in call'
web-console (4.2.1) lib/web_console/middleware.rb:17:in `catch'
web-console (4.2.1) lib/web_console/middleware.rb:17:in `call'
actionpack (7.1.3) lib/action_dispatch/middleware/show_exceptions.rb:31:in `call'
railties (7.1.3) lib/rails/rack/logger.rb:37:in `call_app'
railties (7.1.3) lib/rails/rack/logger.rb:24:in `block in call'
activesupport (7.1.3) lib/active_support/tagged_logging.rb:135:in `block in tagged'
activesupport (7.1.3) lib/active_support/tagged_logging.rb:39:in `tagged'
activesupport (7.1.3) lib/active_support/tagged_logging.rb:135:in `tagged'
activesupport (7.1.3) lib/active_support/broadcast_logger.rb:240:in `method_missing'
railties (7.1.3) lib/rails/rack/logger.rb:24:in `call'
sprockets-rails (3.4.2) lib/sprockets/rails/quiet_assets.rb:13:in `call'
actionpack (7.1.3) lib/action_dispatch/middleware/remote_ip.rb:92:in `call'
actionpack (7.1.3) lib/action_dispatch/middleware/request_id.rb:28:in `call'
rack (3.0.9) lib/rack/method_override.rb:28:in `call'
rack (3.0.9) lib/rack/runtime.rb:24:in `call'
activesupport (7.1.3) lib/active_support/cache/strategy/local_cache_middleware.rb:29:in `call'
actionpack (7.1.3) lib/action_dispatch/middleware/server_timing.rb:59:in `block in call'
actionpack (7.1.3) lib/action_dispatch/middleware/server_timing.rb:24:in `collect_events'
actionpack (7.1.3) lib/action_dispatch/middleware/server_timing.rb:58:in `call'
actionpack (7.1.3) lib/action_dispatch/middleware/executor.rb:14:in `call'
actionpack (7.1.3) lib/action_dispatch/middleware/static.rb:25:in `call'
rack (3.0.9) lib/rack/sendfile.rb:114:in `call'
actionpack (7.1.3) lib/action_dispatch/middleware/host_authorization.rb:141:in `call'
railties (7.1.3) lib/rails/engine.rb:536:in `call'
puma (6.4.2) lib/puma/configuration.rb:272:in `call'
puma (6.4.2) lib/puma/request.rb:100:in `block in handle_request'
puma (6.4.2) lib/puma/thread_pool.rb:378:in `with_force_shutdown'
puma (6.4.2) lib/puma/request.rb:99:in `handle_request'
puma (6.4.2) lib/puma/server.rb:464:in `process_client'
puma (6.4.2) lib/puma/server.rb:245:in `block in run'
puma (6.4.2) lib/puma/thread_pool.rb:155:in `block in spawn_thread'
Started POST "/rails/actions" for 192.168.65.1 at 2024-02-13 22:00:30 +0000
Cannot render console from 192.168.65.1! Allowed networks: 127.0.0.0/127.255.255.255, ::1
  [1m[35m (0.3ms)[0m  [1m[34mSELECT pg_try_advisory_lock(5039663230769967870)[0m
  [1m[36mActiveRecord::SchemaMigration Load (0.3ms)[0m  [1m[34mSELECT "schema_migrations"."version" FROM "schema_migrations" ORDER BY "schema_migrations"."version" ASC[0m
  [1m[36mActiveRecord::InternalMetadata Load (1.9ms)[0m  [1m[34mSELECT * FROM "ar_internal_metadata" WHERE "ar_internal_metadata"."key" = $1 ORDER BY "ar_internal_metadata"."key" ASC LIMIT 1[0m  [[nil, "environment"]]
  [1m[36mActiveRecord::InternalMetadata Create (1.4ms)[0m  [1m[32mINSERT INTO "ar_internal_metadata" ("key", "value", "created_at", "updated_at") VALUES ('environment', 'development', '2024-02-13 22:00:30.419416', '2024-02-13 22:00:30.419419') RETURNING "key"[0m
Migrating to CreateArticles (20240213210737)
  [1m[36mTRANSACTION (0.1ms)[0m  [1m[35mBEGIN[0m
  [1m[35m (11.6ms)[0m  [1m[35mCREATE TABLE "articles" ("id" bigserial primary key, "title" character varying, "body" text, "created_at" timestamp(6) NOT NULL, "updated_at" timestamp(6) NOT NULL)[0m
  [1m[36mActiveRecord::SchemaMigration Create (0.4ms)[0m  [1m[32mINSERT INTO "schema_migrations" ("version") VALUES ('20240213210737') RETURNING "version"[0m
  [1m[36mTRANSACTION (0.6ms)[0m  [1m[35mCOMMIT[0m
  [1m[35m (0.2ms)[0m  [1m[34mSELECT pg_advisory_unlock(5039663230769967870)[0m
  [1m[36mActiveRecord::SchemaMigration Load (0.1ms)[0m  [1m[34mSELECT "schema_migrations"."version" FROM "schema_migrations" ORDER BY "schema_migrations"."version" ASC[0m
Started GET "/" for 192.168.65.1 at 2024-02-13 22:00:30 +0000
Cannot render console from 192.168.65.1! Allowed networks: 127.0.0.0/127.255.255.255, ::1
  [1m[36mActiveRecord::SchemaMigration Load (0.2ms)[0m  [1m[34mSELECT "schema_migrations"."version" FROM "schema_migrations" ORDER BY "schema_migrations"."version" ASC[0m
Processing by Rails::WelcomeController#index as HTML
  Rendering /usr/local/bundle/ruby/3.2.0/gems/railties-7.1.3/lib/rails/templates/rails/welcome/index.html.erb
  Rendered /usr/local/bundle/ruby/3.2.0/gems/railties-7.1.3/lib/rails/templates/rails/welcome/index.html.erb (Duration: 0.5ms | Allocations: 272)
Completed 200 OK in 9ms (Views: 1.4ms | ActiveRecord: 0.0ms | Allocations: 2619)


Started GET "/" for 192.168.65.1 at 2024-02-13 22:00:33 +0000
Cannot render console from 192.168.65.1! Allowed networks: 127.0.0.0/127.255.255.255, ::1
Processing by Rails::WelcomeController#index as HTML
  Rendering /usr/local/bundle/ruby/3.2.0/gems/railties-7.1.3/lib/rails/templates/rails/welcome/index.html.erb
  Rendered /usr/local/bundle/ruby/3.2.0/gems/railties-7.1.3/lib/rails/templates/rails/welcome/index.html.erb (Duration: 0.1ms | Allocations: 13)
Completed 200 OK in 1ms (Views: 0.7ms | ActiveRecord: 0.0ms | Allocations: 202)


Started GET "/" for 192.168.65.1 at 2024-02-13 22:00:36 +0000
Cannot render console from 192.168.65.1! Allowed networks: 127.0.0.0/127.255.255.255, ::1
Processing by Rails::WelcomeController#index as HTML
  Rendering /usr/local/bundle/ruby/3.2.0/gems/railties-7.1.3/lib/rails/templates/rails/welcome/index.html.erb
  Rendered /usr/local/bundle/ruby/3.2.0/gems/railties-7.1.3/lib/rails/templates/rails/welcome/index.html.erb (Duration: 0.1ms | Allocations: 13)
Completed 200 OK in 2ms (Views: 1.2ms | ActiveRecord: 0.0ms | Allocations: 201)


Started GET "/" for 192.168.65.1 at 2024-02-13 22:01:00 +0000
Cannot render console from 192.168.65.1! Allowed networks: 127.0.0.0/127.255.255.255, ::1
Processing by ArticlesController#index as HTML
  Rendering layout layouts/application.html.erb
  Rendering articles/index.html.erb within layouts/application
  Rendered articles/index.html.erb within layouts/application (Duration: 0.5ms | Allocations: 95)
  Rendered layout layouts/application.html.erb (Duration: 109.7ms | Allocations: 22753)
Completed 200 OK in 113ms (Views: 111.6ms | ActiveRecord: 0.0ms | Allocations: 23710)


Started GET "/" for 192.168.65.1 at 2024-02-13 22:01:03 +0000
Cannot render console from 192.168.65.1! Allowed networks: 127.0.0.0/127.255.255.255, ::1
Processing by ArticlesController#index as HTML
  Rendering layout layouts/application.html.erb
  Rendering articles/index.html.erb within layouts/application
  Rendered articles/index.html.erb within layouts/application (Duration: 0.1ms | Allocations: 7)
  Rendered layout layouts/application.html.erb (Duration: 6.5ms | Allocations: 1090)
Completed 200 OK in 9ms (Views: 8.0ms | ActiveRecord: 0.0ms | Allocations: 1324)


  [1m[35m (0.6ms)[0m  [1m[35mCREATE DATABASE "quad_development" ENCODING = 'unicode'[0m
Started GET "/" for 192.168.65.1 at 2024-02-13 22:02:31 +0000
Cannot render console from 192.168.65.1! Allowed networks: 127.0.0.0/127.255.255.255, ::1
Processing by ArticlesController#index as HTML
  Rendering layout layouts/application.html.erb
  Rendering articles/index.html.erb within layouts/application
  Rendered articles/index.html.erb within layouts/application (Duration: 0.1ms | Allocations: 7)
  Rendered layout layouts/application.html.erb (Duration: 4.8ms | Allocations: 1084)
Completed 200 OK in 7ms (Views: 5.8ms | ActiveRecord: 0.0ms | Allocations: 1318)


Started GET "/" for 192.168.65.1 at 2024-02-13 22:47:02 +0000
Cannot render console from 192.168.65.1! Allowed networks: 127.0.0.0/127.255.255.255, ::1
  [1m[36mActiveRecord::SchemaMigration Load (0.7ms)[0m  [1m[34mSELECT "schema_migrations"."version" FROM "schema_migrations" ORDER BY "schema_migrations"."version" ASC[0m
Processing by ArticlesController#index as HTML
  Rendering layout layouts/application.html.erb
  Rendering articles/index.html.erb within layouts/application
  Rendered articles/index.html.erb within layouts/application (Duration: 0.6ms | Allocations: 185)
  Rendered layout layouts/application.html.erb (Duration: 429.9ms | Allocations: 30104)
Completed 200 OK in 504ms (Views: 449.5ms | ActiveRecord: 0.0ms | Allocations: 37745)


Started GET "/login" for 192.168.65.1 at 2024-02-13 22:47:07 +0000
Cannot render console from 192.168.65.1! Allowed networks: 127.0.0.0/127.255.255.255, ::1
Processing by ArticlesController#login as HTML
  Rendering layout layouts/application.html.erb
  Rendering articles/login.html.erb within layouts/application
  Rendered articles/login.html.erb within layouts/application (Duration: 0.7ms | Allocations: 91)
  Rendered layout layouts/application.html.erb (Duration: 4.9ms | Allocations: 1185)
Completed 200 OK in 6ms (Views: 5.9ms | ActiveRecord: 0.0ms | Allocations: 1422)


Started GET "/signup" for 192.168.65.1 at 2024-02-13 22:47:11 +0000
Cannot render console from 192.168.65.1! Allowed networks: 127.0.0.0/127.255.255.255, ::1
Processing by ArticlesController#signup as HTML
  Rendering layout layouts/application.html.erb
  Rendering articles/signup.html.erb within layouts/application
  Rendered articles/signup.html.erb within layouts/application (Duration: 1.0ms | Allocations: 91)
  Rendered layout layouts/application.html.erb (Duration: 8.1ms | Allocations: 1158)
Completed 200 OK in 10ms (Views: 9.3ms | ActiveRecord: 0.0ms | Allocations: 1394)


Started GET "/" for 192.168.65.1 at 2024-02-19 20:44:14 +0000
Cannot render console from 192.168.65.1! Allowed networks: 127.0.0.0/127.255.255.255, ::1
  [1m[36mActiveRecord::SchemaMigration Load (3.1ms)[0m  [1m[34mSELECT "schema_migrations"."version" FROM "schema_migrations" ORDER BY "schema_migrations"."version" ASC[0m
Processing by ArticlesController#index as HTML
  Rendering layout layouts/application.html.erb
  Rendering articles/index.html.erb within layouts/application
  Rendered articles/index.html.erb within layouts/application (Duration: 215.0ms | Allocations: 20249)
  Rendered layout layouts/application.html.erb (Duration: 245.4ms | Allocations: 24369)
Completed 200 OK in 373ms (Views: 286.2ms | ActiveRecord: 0.0ms | Allocations: 32059)


  [1m[35m (142.8ms)[0m  [1m[35mCREATE DATABASE "QUADdb_development" ENCODING = 'unicode'[0m
  [1m[35m (91.2ms)[0m  [1m[35mCREATE DATABASE "QUADdb_test" ENCODING = 'unicode'[0m
  [1m[35m (7.3ms)[0m  [1m[35mCREATE TABLE "schema_migrations" ("version" character varying NOT NULL PRIMARY KEY)[0m
  [1m[35m (3.5ms)[0m  [1m[35mCREATE TABLE "ar_internal_metadata" ("key" character varying NOT NULL PRIMARY KEY, "value" character varying, "created_at" timestamp(6) NOT NULL, "updated_at" timestamp(6) NOT NULL)[0m
  [1m[35m (0.2ms)[0m  [1m[34mSELECT pg_try_advisory_lock(4278300651559215960)[0m
  [1m[36mActiveRecord::SchemaMigration Load (2.2ms)[0m  [1m[34mSELECT "schema_migrations"."version" FROM "schema_migrations" ORDER BY "schema_migrations"."version" ASC[0m
  [1m[36mActiveRecord::InternalMetadata Load (1.0ms)[0m  [1m[34mSELECT * FROM "ar_internal_metadata" WHERE "ar_internal_metadata"."key" = $1 ORDER BY "ar_internal_metadata"."key" ASC LIMIT 1[0m  [[nil, "environment"]]
  [1m[36mActiveRecord::InternalMetadata Create (1.3ms)[0m  [1m[32mINSERT INTO "ar_internal_metadata" ("key", "value", "created_at", "updated_at") VALUES ('environment', 'development', '2024-02-19 21:16:04.266654', '2024-02-19 21:16:04.266939') RETURNING "key"[0m
Migrating to CreateArticles (20240213210737)
  [1m[36mTRANSACTION (1.3ms)[0m  [1m[35mBEGIN[0m
  [1m[35m (8.9ms)[0m  [1m[35mCREATE TABLE "articles" ("id" bigserial primary key, "title" character varying, "body" text, "created_at" timestamp(6) NOT NULL, "updated_at" timestamp(6) NOT NULL)[0m
  [1m[36mActiveRecord::SchemaMigration Create (0.5ms)[0m  [1m[32mINSERT INTO "schema_migrations" ("version") VALUES ('20240213210737') RETURNING "version"[0m
  [1m[36mTRANSACTION (0.7ms)[0m  [1m[35mCOMMIT[0m
  [1m[35m (0.5ms)[0m  [1m[34mSELECT pg_advisory_unlock(4278300651559215960)[0m
  [1m[36mActiveRecord::SchemaMigration Load (0.4ms)[0m  [1m[34mSELECT "schema_migrations"."version" FROM "schema_migrations" ORDER BY "schema_migrations"."version" ASC[0m
Started GET "/" for 192.168.65.1 at 2024-02-19 21:17:23 +0000
Cannot render console from 192.168.65.1! Allowed networks: 127.0.0.0/127.255.255.255, ::1
  
ActiveRecord::ConnectionNotEstablished (connection to server at "172.18.0.2", port 5433 failed: Connection refused
	Is the server running on that host and accepting TCP/IP connections?
):
  
activerecord (7.1.3) lib/active_record/connection_adapters/postgresql_adapter.rb:80:in `rescue in new_client'
activerecord (7.1.3) lib/active_record/connection_adapters/postgresql_adapter.rb:68:in `new_client'
activerecord (7.1.3) lib/active_record/connection_adapters/postgresql_adapter.rb:980:in `connect'
activerecord (7.1.3) lib/active_record/connection_adapters/postgresql_adapter.rb:992:in `reconnect'
activerecord (7.1.3) lib/active_record/connection_adapters/abstract_adapter.rb:685:in `block in reconnect!'
activesupport (7.1.3) lib/active_support/concurrency/null_lock.rb:9:in `synchronize'
activerecord (7.1.3) lib/active_record/connection_adapters/abstract_adapter.rb:684:in `reconnect!'
activerecord (7.1.3) lib/active_record/connection_adapters/abstract_adapter.rb:788:in `verify!'
activerecord (7.1.3) lib/active_record/connection_adapters/abstract_adapter.rb:795:in `connect!'
activerecord (7.1.3) lib/active_record/connection_adapters/abstract_adapter.rb:1001:in `block in with_raw_connection'
activesupport (7.1.3) lib/active_support/concurrency/null_lock.rb:9:in `synchronize'
activerecord (7.1.3) lib/active_record/connection_adapters/abstract_adapter.rb:1000:in `with_raw_connection'
activerecord (7.1.3) lib/active_record/connection_adapters/abstract_adapter.rb:1113:in `valid_raw_connection'
activerecord (7.1.3) lib/active_record/connection_adapters/postgresql_adapter.rb:616:in `get_database_version'
activerecord (7.1.3) lib/active_record/connection_adapters/schema_cache.rb:374:in `database_version'
activerecord (7.1.3) lib/active_record/connection_adapters/schema_cache.rb:70:in `database_version'
activerecord (7.1.3) lib/active_record/connection_adapters/schema_cache.rb:200:in `database_version'
activerecord (7.1.3) lib/active_record/connection_adapters/abstract_adapter.rb:871:in `database_version'
activerecord (7.1.3) lib/active_record/connection_adapters/postgresql_adapter.rb:644:in `check_version'
activerecord (7.1.3) lib/active_record/connection_adapters/abstract/connection_pool.rb:678:in `new_connection'
activerecord (7.1.3) lib/active_record/connection_adapters/abstract/connection_pool.rb:723:in `checkout_new_connection'
activerecord (7.1.3) lib/active_record/connection_adapters/abstract/connection_pool.rb:702:in `try_to_checkout_new_connection'
activerecord (7.1.3) lib/active_record/connection_adapters/abstract/connection_pool.rb:654:in `acquire_connection'
activerecord (7.1.3) lib/active_record/connection_adapters/abstract/connection_pool.rb:353:in `checkout'
activerecord (7.1.3) lib/active_record/connection_adapters/abstract/connection_pool.rb:182:in `connection'
activerecord (7.1.3) lib/active_record/migration/pending_migration_connection.rb:8:in `establish_temporary_connection'
activerecord (7.1.3) lib/active_record/migration.rb:774:in `block in pending_migrations'
activerecord (7.1.3) lib/active_record/migration.rb:773:in `each'
activerecord (7.1.3) lib/active_record/migration.rb:773:in `pending_migrations'
activerecord (7.1.3) lib/active_record/migration.rb:752:in `check_pending_migrations'
activerecord (7.1.3) lib/active_record/migration.rb:644:in `block (2 levels) in call'
activesupport (7.1.3) lib/active_support/file_update_checker.rb:85:in `execute'
activerecord (7.1.3) lib/active_record/migration.rb:649:in `block in call'
activerecord (7.1.3) lib/active_record/migration.rb:641:in `synchronize'
activerecord (7.1.3) lib/active_record/migration.rb:641:in `call'
actionpack (7.1.3) lib/action_dispatch/middleware/callbacks.rb:29:in `block in call'
activesupport (7.1.3) lib/active_support/callbacks.rb:101:in `run_callbacks'
actionpack (7.1.3) lib/action_dispatch/middleware/callbacks.rb:28:in `call'
actionpack (7.1.3) lib/action_dispatch/middleware/executor.rb:14:in `call'
actionpack (7.1.3) lib/action_dispatch/middleware/actionable_exceptions.rb:16:in `call'
actionpack (7.1.3) lib/action_dispatch/middleware/debug_exceptions.rb:29:in `call'
web-console (4.2.1) lib/web_console/middleware.rb:132:in `call_app'
web-console (4.2.1) lib/web_console/middleware.rb:19:in `block in call'
web-console (4.2.1) lib/web_console/middleware.rb:17:in `catch'
web-console (4.2.1) lib/web_console/middleware.rb:17:in `call'
actionpack (7.1.3) lib/action_dispatch/middleware/show_exceptions.rb:31:in `call'
railties (7.1.3) lib/rails/rack/logger.rb:37:in `call_app'
railties (7.1.3) lib/rails/rack/logger.rb:24:in `block in call'
activesupport (7.1.3) lib/active_support/tagged_logging.rb:135:in `block in tagged'
activesupport (7.1.3) lib/active_support/tagged_logging.rb:39:in `tagged'
activesupport (7.1.3) lib/active_support/tagged_logging.rb:135:in `tagged'
activesupport (7.1.3) lib/active_support/broadcast_logger.rb:240:in `method_missing'
railties (7.1.3) lib/rails/rack/logger.rb:24:in `call'
sprockets-rails (3.4.2) lib/sprockets/rails/quiet_assets.rb:13:in `call'
actionpack (7.1.3) lib/action_dispatch/middleware/remote_ip.rb:92:in `call'
actionpack (7.1.3) lib/action_dispatch/middleware/request_id.rb:28:in `call'
rack (3.0.9) lib/rack/method_override.rb:28:in `call'
rack (3.0.9) lib/rack/runtime.rb:24:in `call'
activesupport (7.1.3) lib/active_support/cache/strategy/local_cache_middleware.rb:29:in `call'
actionpack (7.1.3) lib/action_dispatch/middleware/server_timing.rb:59:in `block in call'
actionpack (7.1.3) lib/action_dispatch/middleware/server_timing.rb:24:in `collect_events'
actionpack (7.1.3) lib/action_dispatch/middleware/server_timing.rb:58:in `call'
actionpack (7.1.3) lib/action_dispatch/middleware/executor.rb:14:in `call'
actionpack (7.1.3) lib/action_dispatch/middleware/static.rb:25:in `call'
rack (3.0.9) lib/rack/sendfile.rb:114:in `call'
actionpack (7.1.3) lib/action_dispatch/middleware/host_authorization.rb:141:in `call'
railties (7.1.3) lib/rails/engine.rb:536:in `call'
puma (6.4.2) lib/puma/configuration.rb:272:in `call'
puma (6.4.2) lib/puma/request.rb:100:in `block in handle_request'
puma (6.4.2) lib/puma/thread_pool.rb:378:in `with_force_shutdown'
puma (6.4.2) lib/puma/request.rb:99:in `handle_request'
puma (6.4.2) lib/puma/server.rb:464:in `process_client'
puma (6.4.2) lib/puma/server.rb:245:in `block in run'
puma (6.4.2) lib/puma/thread_pool.rb:155:in `block in spawn_thread'
Started GET "/" for 192.168.65.1 at 2024-02-19 21:20:52 +0000
Cannot render console from 192.168.65.1! Allowed networks: 127.0.0.0/127.255.255.255, ::1
  
ActiveRecord::DatabaseConnectionError (There is an issue connecting to your database with your username/password, username: QUADuser.

Please check your database configuration to ensure the username/password are valid.
):
  
activerecord (7.1.3) lib/active_record/connection_adapters/postgresql_adapter.rb:76:in `rescue in new_client'
activerecord (7.1.3) lib/active_record/connection_adapters/postgresql_adapter.rb:68:in `new_client'
activerecord (7.1.3) lib/active_record/connection_adapters/postgresql_adapter.rb:980:in `connect'
activerecord (7.1.3) lib/active_record/connection_adapters/postgresql_adapter.rb:992:in `reconnect'
activerecord (7.1.3) lib/active_record/connection_adapters/abstract_adapter.rb:685:in `block in reconnect!'
activesupport (7.1.3) lib/active_support/concurrency/null_lock.rb:9:in `synchronize'
activerecord (7.1.3) lib/active_record/connection_adapters/abstract_adapter.rb:684:in `reconnect!'
activerecord (7.1.3) lib/active_record/connection_adapters/abstract_adapter.rb:788:in `verify!'
activerecord (7.1.3) lib/active_record/connection_adapters/abstract_adapter.rb:795:in `connect!'
activerecord (7.1.3) lib/active_record/connection_adapters/abstract_adapter.rb:1001:in `block in with_raw_connection'
activesupport (7.1.3) lib/active_support/concurrency/null_lock.rb:9:in `synchronize'
activerecord (7.1.3) lib/active_record/connection_adapters/abstract_adapter.rb:1000:in `with_raw_connection'
activerecord (7.1.3) lib/active_record/connection_adapters/abstract_adapter.rb:1113:in `valid_raw_connection'
activerecord (7.1.3) lib/active_record/connection_adapters/postgresql_adapter.rb:616:in `get_database_version'
activerecord (7.1.3) lib/active_record/connection_adapters/schema_cache.rb:374:in `database_version'
activerecord (7.1.3) lib/active_record/connection_adapters/schema_cache.rb:70:in `database_version'
activerecord (7.1.3) lib/active_record/connection_adapters/schema_cache.rb:200:in `database_version'
activerecord (7.1.3) lib/active_record/connection_adapters/abstract_adapter.rb:871:in `database_version'
activerecord (7.1.3) lib/active_record/connection_adapters/postgresql_adapter.rb:644:in `check_version'
activerecord (7.1.3) lib/active_record/connection_adapters/abstract/connection_pool.rb:678:in `new_connection'
activerecord (7.1.3) lib/active_record/connection_adapters/abstract/connection_pool.rb:723:in `checkout_new_connection'
activerecord (7.1.3) lib/active_record/connection_adapters/abstract/connection_pool.rb:702:in `try_to_checkout_new_connection'
activerecord (7.1.3) lib/active_record/connection_adapters/abstract/connection_pool.rb:654:in `acquire_connection'
activerecord (7.1.3) lib/active_record/connection_adapters/abstract/connection_pool.rb:353:in `checkout'
activerecord (7.1.3) lib/active_record/connection_adapters/abstract/connection_pool.rb:182:in `connection'
activerecord (7.1.3) lib/active_record/migration/pending_migration_connection.rb:8:in `establish_temporary_connection'
activerecord (7.1.3) lib/active_record/migration.rb:774:in `block in pending_migrations'
activerecord (7.1.3) lib/active_record/migration.rb:773:in `each'
activerecord (7.1.3) lib/active_record/migration.rb:773:in `pending_migrations'
activerecord (7.1.3) lib/active_record/migration.rb:752:in `check_pending_migrations'
activerecord (7.1.3) lib/active_record/migration.rb:644:in `block (2 levels) in call'
activesupport (7.1.3) lib/active_support/file_update_checker.rb:85:in `execute'
activerecord (7.1.3) lib/active_record/migration.rb:649:in `block in call'
activerecord (7.1.3) lib/active_record/migration.rb:641:in `synchronize'
activerecord (7.1.3) lib/active_record/migration.rb:641:in `call'
actionpack (7.1.3) lib/action_dispatch/middleware/callbacks.rb:29:in `block in call'
activesupport (7.1.3) lib/active_support/callbacks.rb:101:in `run_callbacks'
actionpack (7.1.3) lib/action_dispatch/middleware/callbacks.rb:28:in `call'
actionpack (7.1.3) lib/action_dispatch/middleware/executor.rb:14:in `call'
actionpack (7.1.3) lib/action_dispatch/middleware/actionable_exceptions.rb:16:in `call'
actionpack (7.1.3) lib/action_dispatch/middleware/debug_exceptions.rb:29:in `call'
web-console (4.2.1) lib/web_console/middleware.rb:132:in `call_app'
web-console (4.2.1) lib/web_console/middleware.rb:19:in `block in call'
web-console (4.2.1) lib/web_console/middleware.rb:17:in `catch'
web-console (4.2.1) lib/web_console/middleware.rb:17:in `call'
actionpack (7.1.3) lib/action_dispatch/middleware/show_exceptions.rb:31:in `call'
railties (7.1.3) lib/rails/rack/logger.rb:37:in `call_app'
railties (7.1.3) lib/rails/rack/logger.rb:24:in `block in call'
activesupport (7.1.3) lib/active_support/tagged_logging.rb:135:in `block in tagged'
activesupport (7.1.3) lib/active_support/tagged_logging.rb:39:in `tagged'
activesupport (7.1.3) lib/active_support/tagged_logging.rb:135:in `tagged'
activesupport (7.1.3) lib/active_support/broadcast_logger.rb:240:in `method_missing'
railties (7.1.3) lib/rails/rack/logger.rb:24:in `call'
sprockets-rails (3.4.2) lib/sprockets/rails/quiet_assets.rb:13:in `call'
actionpack (7.1.3) lib/action_dispatch/middleware/remote_ip.rb:92:in `call'
actionpack (7.1.3) lib/action_dispatch/middleware/request_id.rb:28:in `call'
rack (3.0.9) lib/rack/method_override.rb:28:in `call'
rack (3.0.9) lib/rack/runtime.rb:24:in `call'
activesupport (7.1.3) lib/active_support/cache/strategy/local_cache_middleware.rb:29:in `call'
actionpack (7.1.3) lib/action_dispatch/middleware/server_timing.rb:59:in `block in call'
actionpack (7.1.3) lib/action_dispatch/middleware/server_timing.rb:24:in `collect_events'
actionpack (7.1.3) lib/action_dispatch/middleware/server_timing.rb:58:in `call'
actionpack (7.1.3) lib/action_dispatch/middleware/executor.rb:14:in `call'
actionpack (7.1.3) lib/action_dispatch/middleware/static.rb:25:in `call'
rack (3.0.9) lib/rack/sendfile.rb:114:in `call'
actionpack (7.1.3) lib/action_dispatch/middleware/host_authorization.rb:141:in `call'
railties (7.1.3) lib/rails/engine.rb:536:in `call'
puma (6.4.2) lib/puma/configuration.rb:272:in `call'
puma (6.4.2) lib/puma/request.rb:100:in `block in handle_request'
puma (6.4.2) lib/puma/thread_pool.rb:378:in `with_force_shutdown'
puma (6.4.2) lib/puma/request.rb:99:in `handle_request'
puma (6.4.2) lib/puma/server.rb:464:in `process_client'
puma (6.4.2) lib/puma/server.rb:245:in `block in run'
puma (6.4.2) lib/puma/thread_pool.rb:155:in `block in spawn_thread'
Started GET "/" for 192.168.65.1 at 2024-02-19 21:22:18 +0000
Cannot render console from 192.168.65.1! Allowed networks: 127.0.0.0/127.255.255.255, ::1
  
ActiveRecord::ConnectionNotEstablished (connection to server at "172.18.0.2", port 5433 failed: Connection refused
	Is the server running on that host and accepting TCP/IP connections?
):
  
activerecord (7.1.3) lib/active_record/connection_adapters/postgresql_adapter.rb:80:in `rescue in new_client'
activerecord (7.1.3) lib/active_record/connection_adapters/postgresql_adapter.rb:68:in `new_client'
activerecord (7.1.3) lib/active_record/connection_adapters/postgresql_adapter.rb:980:in `connect'
activerecord (7.1.3) lib/active_record/connection_adapters/postgresql_adapter.rb:992:in `reconnect'
activerecord (7.1.3) lib/active_record/connection_adapters/abstract_adapter.rb:685:in `block in reconnect!'
activesupport (7.1.3) lib/active_support/concurrency/null_lock.rb:9:in `synchronize'
activerecord (7.1.3) lib/active_record/connection_adapters/abstract_adapter.rb:684:in `reconnect!'
activerecord (7.1.3) lib/active_record/connection_adapters/abstract_adapter.rb:788:in `verify!'
activerecord (7.1.3) lib/active_record/connection_adapters/abstract_adapter.rb:795:in `connect!'
activerecord (7.1.3) lib/active_record/connection_adapters/abstract_adapter.rb:1001:in `block in with_raw_connection'
activesupport (7.1.3) lib/active_support/concurrency/null_lock.rb:9:in `synchronize'
activerecord (7.1.3) lib/active_record/connection_adapters/abstract_adapter.rb:1000:in `with_raw_connection'
activerecord (7.1.3) lib/active_record/connection_adapters/abstract_adapter.rb:1113:in `valid_raw_connection'
activerecord (7.1.3) lib/active_record/connection_adapters/postgresql_adapter.rb:616:in `get_database_version'
activerecord (7.1.3) lib/active_record/connection_adapters/schema_cache.rb:374:in `database_version'
activerecord (7.1.3) lib/active_record/connection_adapters/schema_cache.rb:70:in `database_version'
activerecord (7.1.3) lib/active_record/connection_adapters/schema_cache.rb:200:in `database_version'
activerecord (7.1.3) lib/active_record/connection_adapters/abstract_adapter.rb:871:in `database_version'
activerecord (7.1.3) lib/active_record/connection_adapters/postgresql_adapter.rb:644:in `check_version'
activerecord (7.1.3) lib/active_record/connection_adapters/abstract/connection_pool.rb:678:in `new_connection'
activerecord (7.1.3) lib/active_record/connection_adapters/abstract/connection_pool.rb:723:in `checkout_new_connection'
activerecord (7.1.3) lib/active_record/connection_adapters/abstract/connection_pool.rb:702:in `try_to_checkout_new_connection'
activerecord (7.1.3) lib/active_record/connection_adapters/abstract/connection_pool.rb:654:in `acquire_connection'
activerecord (7.1.3) lib/active_record/connection_adapters/abstract/connection_pool.rb:353:in `checkout'
activerecord (7.1.3) lib/active_record/connection_adapters/abstract/connection_pool.rb:182:in `connection'
activerecord (7.1.3) lib/active_record/migration/pending_migration_connection.rb:8:in `establish_temporary_connection'
activerecord (7.1.3) lib/active_record/migration.rb:774:in `block in pending_migrations'
activerecord (7.1.3) lib/active_record/migration.rb:773:in `each'
activerecord (7.1.3) lib/active_record/migration.rb:773:in `pending_migrations'
activerecord (7.1.3) lib/active_record/migration.rb:752:in `check_pending_migrations'
activerecord (7.1.3) lib/active_record/migration.rb:644:in `block (2 levels) in call'
activesupport (7.1.3) lib/active_support/file_update_checker.rb:85:in `execute'
activerecord (7.1.3) lib/active_record/migration.rb:649:in `block in call'
activerecord (7.1.3) lib/active_record/migration.rb:641:in `synchronize'
activerecord (7.1.3) lib/active_record/migration.rb:641:in `call'
actionpack (7.1.3) lib/action_dispatch/middleware/callbacks.rb:29:in `block in call'
activesupport (7.1.3) lib/active_support/callbacks.rb:101:in `run_callbacks'
actionpack (7.1.3) lib/action_dispatch/middleware/callbacks.rb:28:in `call'
actionpack (7.1.3) lib/action_dispatch/middleware/executor.rb:14:in `call'
actionpack (7.1.3) lib/action_dispatch/middleware/actionable_exceptions.rb:16:in `call'
actionpack (7.1.3) lib/action_dispatch/middleware/debug_exceptions.rb:29:in `call'
web-console (4.2.1) lib/web_console/middleware.rb:132:in `call_app'
web-console (4.2.1) lib/web_console/middleware.rb:19:in `block in call'
web-console (4.2.1) lib/web_console/middleware.rb:17:in `catch'
web-console (4.2.1) lib/web_console/middleware.rb:17:in `call'
actionpack (7.1.3) lib/action_dispatch/middleware/show_exceptions.rb:31:in `call'
railties (7.1.3) lib/rails/rack/logger.rb:37:in `call_app'
railties (7.1.3) lib/rails/rack/logger.rb:24:in `block in call'
activesupport (7.1.3) lib/active_support/tagged_logging.rb:135:in `block in tagged'
activesupport (7.1.3) lib/active_support/tagged_logging.rb:39:in `tagged'
activesupport (7.1.3) lib/active_support/tagged_logging.rb:135:in `tagged'
activesupport (7.1.3) lib/active_support/broadcast_logger.rb:240:in `method_missing'
railties (7.1.3) lib/rails/rack/logger.rb:24:in `call'
sprockets-rails (3.4.2) lib/sprockets/rails/quiet_assets.rb:13:in `call'
actionpack (7.1.3) lib/action_dispatch/middleware/remote_ip.rb:92:in `call'
actionpack (7.1.3) lib/action_dispatch/middleware/request_id.rb:28:in `call'
rack (3.0.9) lib/rack/method_override.rb:28:in `call'
rack (3.0.9) lib/rack/runtime.rb:24:in `call'
activesupport (7.1.3) lib/active_support/cache/strategy/local_cache_middleware.rb:29:in `call'
actionpack (7.1.3) lib/action_dispatch/middleware/server_timing.rb:59:in `block in call'
actionpack (7.1.3) lib/action_dispatch/middleware/server_timing.rb:24:in `collect_events'
actionpack (7.1.3) lib/action_dispatch/middleware/server_timing.rb:58:in `call'
actionpack (7.1.3) lib/action_dispatch/middleware/executor.rb:14:in `call'
actionpack (7.1.3) lib/action_dispatch/middleware/static.rb:25:in `call'
rack (3.0.9) lib/rack/sendfile.rb:114:in `call'
actionpack (7.1.3) lib/action_dispatch/middleware/host_authorization.rb:141:in `call'
railties (7.1.3) lib/rails/engine.rb:536:in `call'
puma (6.4.2) lib/puma/configuration.rb:272:in `call'
puma (6.4.2) lib/puma/request.rb:100:in `block in handle_request'
puma (6.4.2) lib/puma/thread_pool.rb:378:in `with_force_shutdown'
puma (6.4.2) lib/puma/request.rb:99:in `handle_request'
puma (6.4.2) lib/puma/server.rb:464:in `process_client'
puma (6.4.2) lib/puma/server.rb:245:in `block in run'
puma (6.4.2) lib/puma/thread_pool.rb:155:in `block in spawn_thread'
  [1m[35m (3.6ms)[0m  [1m[35mCREATE TABLE "schema_migrations" ("version" character varying NOT NULL PRIMARY KEY)[0m
  [1m[35m (2.6ms)[0m  [1m[35mCREATE TABLE "ar_internal_metadata" ("key" character varying NOT NULL PRIMARY KEY, "value" character varying, "created_at" timestamp(6) NOT NULL, "updated_at" timestamp(6) NOT NULL)[0m
  [1m[35m (0.1ms)[0m  [1m[34mSELECT pg_try_advisory_lock(3891601795866635445)[0m
  [1m[36mActiveRecord::SchemaMigration Load (0.3ms)[0m  [1m[34mSELECT "schema_migrations"."version" FROM "schema_migrations" ORDER BY "schema_migrations"."version" ASC[0m
  [1m[36mActiveRecord::InternalMetadata Load (0.5ms)[0m  [1m[34mSELECT * FROM "ar_internal_metadata" WHERE "ar_internal_metadata"."key" = $1 ORDER BY "ar_internal_metadata"."key" ASC LIMIT 1[0m  [[nil, "environment"]]
  [1m[36mActiveRecord::InternalMetadata Create (0.6ms)[0m  [1m[32mINSERT INTO "ar_internal_metadata" ("key", "value", "created_at", "updated_at") VALUES ('environment', 'development', '2024-02-19 21:30:06.437108', '2024-02-19 21:30:06.437111') RETURNING "key"[0m
Migrating to CreateArticles (20240213210737)
  [1m[36mTRANSACTION (0.1ms)[0m  [1m[35mBEGIN[0m
  [1m[35m (3.8ms)[0m  [1m[35mCREATE TABLE "articles" ("id" bigserial primary key, "title" character varying, "body" text, "created_at" timestamp(6) NOT NULL, "updated_at" timestamp(6) NOT NULL)[0m
  [1m[36mActiveRecord::SchemaMigration Create (0.2ms)[0m  [1m[32mINSERT INTO "schema_migrations" ("version") VALUES ('20240213210737') RETURNING "version"[0m
  [1m[36mTRANSACTION (0.2ms)[0m  [1m[35mCOMMIT[0m
  [1m[35m (0.1ms)[0m  [1m[34mSELECT pg_advisory_unlock(3891601795866635445)[0m
  [1m[36mActiveRecord::SchemaMigration Load (0.1ms)[0m  [1m[34mSELECT "schema_migrations"."version" FROM "schema_migrations" ORDER BY "schema_migrations"."version" ASC[0m
Started GET "/" for 192.168.65.1 at 2024-02-19 21:30:12 +0000
Cannot render console from 192.168.65.1! Allowed networks: 127.0.0.0/127.255.255.255, ::1
  [1m[36mActiveRecord::SchemaMigration Load (0.4ms)[0m  [1m[34mSELECT "schema_migrations"."version" FROM "schema_migrations" ORDER BY "schema_migrations"."version" ASC[0m
Processing by ArticlesController#index as HTML
  Rendering layout layouts/application.html.erb
  Rendering articles/index.html.erb within layouts/application
  Rendered articles/index.html.erb within layouts/application (Duration: 65.0ms | Allocations: 17940)
  Rendered layout layouts/application.html.erb (Duration: 75.0ms | Allocations: 20500)
Completed 200 OK in 88ms (Views: 79.1ms | ActiveRecord: 0.0ms | Allocations: 24577)


Started GET "/" for 192.168.65.1 at 2024-02-19 21:36:42 +0000
Cannot render console from 192.168.65.1! Allowed networks: 127.0.0.0/127.255.255.255, ::1
Processing by ArticlesController#index as HTML
  Rendering layout layouts/application.html.erb
  Rendering articles/index.html.erb within layouts/application
  Rendered articles/index.html.erb within layouts/application (Duration: 7.4ms | Allocations: 535)
  Rendered layout layouts/application.html.erb (Duration: 15.8ms | Allocations: 1503)
Completed 200 OK in 21ms (Views: 18.4ms | ActiveRecord: 0.0ms | Allocations: 1747)


Started GET "/" for 192.168.65.1 at 2024-02-19 21:36:45 +0000
Cannot render console from 192.168.65.1! Allowed networks: 127.0.0.0/127.255.255.255, ::1
Processing by ArticlesController#index as HTML
  Rendering layout layouts/application.html.erb
  Rendering articles/index.html.erb within layouts/application
  Rendered articles/index.html.erb within layouts/application (Duration: 3.7ms | Allocations: 533)
  Rendered layout layouts/application.html.erb (Duration: 10.2ms | Allocations: 1513)
Completed 200 OK in 12ms (Views: 11.2ms | ActiveRecord: 0.0ms | Allocations: 1756)


Started GET "/" for 192.168.65.1 at 2024-02-19 21:36:47 +0000
Cannot render console from 192.168.65.1! Allowed networks: 127.0.0.0/127.255.255.255, ::1
Processing by ArticlesController#index as HTML
  Rendering layout layouts/application.html.erb
  Rendering articles/index.html.erb within layouts/application
  Rendered articles/index.html.erb within layouts/application (Duration: 2.4ms | Allocations: 533)
  Rendered layout layouts/application.html.erb (Duration: 7.1ms | Allocations: 1516)
Completed 200 OK in 8ms (Views: 7.8ms | ActiveRecord: 0.0ms | Allocations: 1759)


Started GET "/" for 192.168.65.1 at 2024-02-19 21:36:48 +0000
Cannot render console from 192.168.65.1! Allowed networks: 127.0.0.0/127.255.255.255, ::1
Processing by ArticlesController#index as HTML
  Rendering layout layouts/application.html.erb
  Rendering articles/index.html.erb within layouts/application
  Rendered articles/index.html.erb within layouts/application (Duration: 1.7ms | Allocations: 533)
  Rendered layout layouts/application.html.erb (Duration: 6.2ms | Allocations: 1507)
Completed 200 OK in 7ms (Views: 6.7ms | ActiveRecord: 0.0ms | Allocations: 1746)


Started GET "/" for 192.168.65.1 at 2024-02-19 21:36:48 +0000
Cannot render console from 192.168.65.1! Allowed networks: 127.0.0.0/127.255.255.255, ::1
Processing by ArticlesController#index as HTML
  Rendering layout layouts/application.html.erb
  Rendering articles/index.html.erb within layouts/application
  Rendered articles/index.html.erb within layouts/application (Duration: 3.0ms | Allocations: 533)
  Rendered layout layouts/application.html.erb (Duration: 6.0ms | Allocations: 1513)
Completed 200 OK in 7ms (Views: 6.7ms | ActiveRecord: 0.0ms | Allocations: 1752)


Started GET "/" for 192.168.65.1 at 2024-02-19 21:36:53 +0000
Cannot render console from 192.168.65.1! Allowed networks: 127.0.0.0/127.255.255.255, ::1
Processing by ArticlesController#index as HTML
  Rendering layout layouts/application.html.erb
  Rendering articles/index.html.erb within layouts/application
  Rendered articles/index.html.erb within layouts/application (Duration: 2.4ms | Allocations: 533)
  Rendered layout layouts/application.html.erb (Duration: 5.1ms | Allocations: 1504)
Completed 200 OK in 7ms (Views: 6.5ms | ActiveRecord: 0.0ms | Allocations: 1743)


  [1m[35m (0.2ms)[0m  [1m[34mSELECT pg_try_advisory_lock(3891601795866635445)[0m
  [1m[36mActiveRecord::SchemaMigration Load (1.3ms)[0m  [1m[34mSELECT "schema_migrations"."version" FROM "schema_migrations" ORDER BY "schema_migrations"."version" ASC[0m
  [1m[36mActiveRecord::InternalMetadata Load (1.9ms)[0m  [1m[34mSELECT * FROM "ar_internal_metadata" WHERE "ar_internal_metadata"."key" = $1 ORDER BY "ar_internal_metadata"."key" ASC LIMIT 1[0m  [[nil, "environment"]]
Migrating to CreateUsers (20240219214140)
  [1m[36mTRANSACTION (0.1ms)[0m  [1m[35mBEGIN[0m
  [1m[35m (7.4ms)[0m  [1m[35mCREATE TABLE "users" ("id" bigserial primary key, "username" character varying NOT NULL, "password_digest" character varying NOT NULL, "email" character varying NOT NULL, "phone_number" character varying NOT NULL, "first_name" character varying NOT NULL, "last_name" character varying NOT NULL, "graduation_year" integer, "sorority" character varying, "social_media" character varying NOT NULL, "profile_picture" character varying NOT NULL, "created_at" timestamp(6) NOT NULL, "updated_at" timestamp(6) NOT NULL)[0m
  [1m[35m (1.3ms)[0m  [1m[35mCREATE UNIQUE INDEX "index_users_on_username" ON "users" ("username")[0m
  [1m[35m (1.2ms)[0m  [1m[35mCREATE UNIQUE INDEX "index_users_on_email" ON "users" ("email")[0m
  [1m[36mActiveRecord::SchemaMigration Create (0.4ms)[0m  [1m[32mINSERT INTO "schema_migrations" ("version") VALUES ('20240219214140') RETURNING "version"[0m
  [1m[36mTRANSACTION (0.9ms)[0m  [1m[35mCOMMIT[0m
  [1m[35m (0.3ms)[0m  [1m[34mSELECT pg_advisory_unlock(3891601795866635445)[0m
  [1m[36mActiveRecord::SchemaMigration Load (0.1ms)[0m  [1m[34mSELECT "schema_migrations"."version" FROM "schema_migrations" ORDER BY "schema_migrations"."version" ASC[0m
Started GET "/" for 192.168.65.1 at 2024-02-19 21:50:36 +0000
Cannot render console from 192.168.65.1! Allowed networks: 127.0.0.0/127.255.255.255, ::1
  [1m[36mActiveRecord::SchemaMigration Load (0.5ms)[0m  [1m[34mSELECT "schema_migrations"."version" FROM "schema_migrations" ORDER BY "schema_migrations"."version" ASC[0m
Processing by ArticlesController#index as HTML
  Rendering layout layouts/application.html.erb
  Rendering articles/index.html.erb within layouts/application
  Rendered articles/index.html.erb within layouts/application (Duration: 10.3ms | Allocations: 743)
  Rendered layout layouts/application.html.erb (Duration: 39.0ms | Allocations: 1959)
Completed 200 OK in 45ms (Views: 42.3ms | ActiveRecord: 0.0ms | Allocations: 2858)


Started GET "/" for 192.168.65.1 at 2024-02-19 21:50:37 +0000
Cannot render console from 192.168.65.1! Allowed networks: 127.0.0.0/127.255.255.255, ::1
Processing by ArticlesController#index as HTML
  Rendering layout layouts/application.html.erb
  Rendering articles/index.html.erb within layouts/application
  Rendered articles/index.html.erb within layouts/application (Duration: 2.0ms | Allocations: 538)
  Rendered layout layouts/application.html.erb (Duration: 4.4ms | Allocations: 1522)
Completed 200 OK in 7ms (Views: 6.5ms | ActiveRecord: 0.0ms | Allocations: 1762)


Started GET "/signup" for 192.168.65.1 at 2024-02-19 21:50:39 +0000
Cannot render console from 192.168.65.1! Allowed networks: 127.0.0.0/127.255.255.255, ::1
Processing by ArticlesController#signup as HTML
  Rendering layout layouts/application.html.erb
  Rendering articles/signup.html.erb within layouts/application
  Rendered articles/signup.html.erb within layouts/application (Duration: 29.9ms | Allocations: 8330)
  Rendered layout layouts/application.html.erb (Duration: 30.7ms | Allocations: 8421)
Completed 500 Internal Server Error in 32ms (ActiveRecord: 0.0ms | Allocations: 8657)


  
LoadError (cannot load such file -- bcrypt):
  
app/models/user.rb:2:in `<class:User>'
app/models/user.rb:1:in `<main>'
app/views/articles/signup.html.erb:69
Started GET "/signup" for 192.168.65.1 at 2024-02-19 21:51:39 +0000
Cannot render console from 192.168.65.1! Allowed networks: 127.0.0.0/127.255.255.255, ::1
  [1m[36mActiveRecord::SchemaMigration Load (0.8ms)[0m  [1m[34mSELECT "schema_migrations"."version" FROM "schema_migrations" ORDER BY "schema_migrations"."version" ASC[0m
Processing by ArticlesController#signup as HTML
  Rendering layout layouts/application.html.erb
  Rendering articles/signup.html.erb within layouts/application
  Rendered articles/signup.html.erb within layouts/application (Duration: 616.2ms | Allocations: 60698)
  Rendered layout layouts/application.html.erb (Duration: 617.1ms | Allocations: 60824)
Completed 500 Internal Server Error in 655ms (ActiveRecord: 8.3ms | Allocations: 64986)


  
ActionView::Template::Error (undefined method `users_path' for #<ActionView::Base:0x0000000000abe0>):
    66:         <%= image_tag 'main-logo.png', alt: 'Logo', class: 'logo' %>
    67:         <h2>Create Account</h2>
    68: 
    69:         <%= form_with model: User.new, local: true do |form| %>
    70:             <%= form.label :first_name, class: 'required' %>
    71:             <%= form.text_field :first_name, id: :user_first_name, required: true %>
    72: 
  
app/views/articles/signup.html.erb:69
Started GET "/signup" for 192.168.65.1 at 2024-02-20 04:28:47 +0000
Cannot render console from 192.168.65.1! Allowed networks: 127.0.0.0/127.255.255.255, ::1
Processing by UsersController#signup as HTML
  Rendering layout layouts/application.html.erb
  Rendering users/signup.html.erb within layouts/application
  Rendered users/signup.html.erb within layouts/application (Duration: 60.2ms | Allocations: 13089)
  Rendered layout layouts/application.html.erb (Duration: 65.5ms | Allocations: 14156)
Completed 200 OK in 70ms (Views: 62.8ms | ActiveRecord: 6.1ms | Allocations: 14895)


Started GET "/" for 192.168.65.1 at 2024-02-20 04:28:53 +0000
Cannot render console from 192.168.65.1! Allowed networks: 127.0.0.0/127.255.255.255, ::1
Processing by UsersController#index as HTML
  Rendering layout layouts/application.html.erb
  Rendering users/index.html.erb within layouts/application
  Rendered users/index.html.erb within layouts/application (Duration: 6.5ms | Allocations: 730)
  Rendered layout layouts/application.html.erb (Duration: 10.5ms | Allocations: 1710)
Completed 200 OK in 12ms (Views: 11.5ms | ActiveRecord: 0.0ms | Allocations: 1946)


Started GET "/login" for 192.168.65.1 at 2024-02-20 04:28:56 +0000
Cannot render console from 192.168.65.1! Allowed networks: 127.0.0.0/127.255.255.255, ::1
Processing by UsersController#login as HTML
  Rendering layout layouts/application.html.erb
  Rendering users/login.html.erb within layouts/application
  Rendered users/login.html.erb within layouts/application (Duration: 1.0ms | Allocations: 160)
  Rendered layout layouts/application.html.erb (Duration: 4.4ms | Allocations: 1254)
Completed 200 OK in 5ms (Views: 5.1ms | ActiveRecord: 0.0ms | Allocations: 1488)


Started GET "/signup" for 192.168.65.1 at 2024-02-20 04:28:58 +0000
Cannot render console from 192.168.65.1! Allowed networks: 127.0.0.0/127.255.255.255, ::1
Processing by UsersController#signup as HTML
  Rendering layout layouts/application.html.erb
  Rendering users/signup.html.erb within layouts/application
  Rendered users/signup.html.erb within layouts/application (Duration: 4.1ms | Allocations: 2034)
  Rendered layout layouts/application.html.erb (Duration: 6.8ms | Allocations: 2822)
Completed 200 OK in 8ms (Views: 7.5ms | ActiveRecord: 0.0ms | Allocations: 3057)


Started GET "/login" for 192.168.65.1 at 2024-02-20 04:29:12 +0000
Cannot render console from 192.168.65.1! Allowed networks: 127.0.0.0/127.255.255.255, ::1
Processing by UsersController#login as HTML
  Rendering layout layouts/application.html.erb
  Rendering users/login.html.erb within layouts/application
  Rendered users/login.html.erb within layouts/application (Duration: 0.0ms | Allocations: 7)
  Rendered layout layouts/application.html.erb (Duration: 4.5ms | Allocations: 1084)
Completed 200 OK in 6ms (Views: 5.1ms | ActiveRecord: 0.0ms | Allocations: 1318)


Started GET "/signup" for 192.168.65.1 at 2024-02-20 04:29:16 +0000
Cannot render console from 192.168.65.1! Allowed networks: 127.0.0.0/127.255.255.255, ::1
Processing by UsersController#signup as HTML
  Rendering layout layouts/application.html.erb
  Rendering users/signup.html.erb within layouts/application
  Rendered users/signup.html.erb within layouts/application (Duration: 3.7ms | Allocations: 2040)
  Rendered layout layouts/application.html.erb (Duration: 5.8ms | Allocations: 2828)
Completed 200 OK in 7ms (Views: 6.3ms | ActiveRecord: 0.0ms | Allocations: 3062)


Started GET "/signup" for 192.168.65.1 at 2024-02-20 17:53:59 +0000
Cannot render console from 192.168.65.1! Allowed networks: 127.0.0.0/127.255.255.255, ::1
  [1m[36mActiveRecord::SchemaMigration Load (0.5ms)[0m  [1m[34mSELECT "schema_migrations"."version" FROM "schema_migrations" ORDER BY "schema_migrations"."version" ASC[0m
Processing by UsersController#signup as HTML
  Rendering layout layouts/application.html.erb
  Rendering users/signup.html.erb within layouts/application
  Rendered users/signup.html.erb within layouts/application (Duration: 138.0ms | Allocations: 49185)
  Rendered layout layouts/application.html.erb (Duration: 141.1ms | Allocations: 50364)
Completed 200 OK in 147ms (Views: 139.1ms | ActiveRecord: 5.6ms | Allocations: 52819)


Started GET "/path-to-your-logo.png" for 192.168.65.1 at 2024-02-20 17:53:59 +0000
Cannot render console from 192.168.65.1! Allowed networks: 127.0.0.0/127.255.255.255, ::1
  
ActionController::RoutingError (No route matches [GET] "/path-to-your-logo.png"):
  
Started GET "/" for 192.168.65.1 at 2024-02-20 17:54:01 +0000
Cannot render console from 192.168.65.1! Allowed networks: 127.0.0.0/127.255.255.255, ::1
Processing by UsersController#index as HTML
  Rendering layout layouts/application.html.erb
  Rendering users/index.html.erb within layouts/application
  Rendered users/index.html.erb within layouts/application (Duration: 5.6ms | Allocations: 732)
  Rendered layout layouts/application.html.erb (Duration: 9.8ms | Allocations: 1777)
Completed 200 OK in 12ms (Views: 10.9ms | ActiveRecord: 0.0ms | Allocations: 2019)


Started GET "/login" for 192.168.65.1 at 2024-02-20 17:54:03 +0000
Cannot render console from 192.168.65.1! Allowed networks: 127.0.0.0/127.255.255.255, ::1
Processing by UsersController#login as HTML
  Rendering layout layouts/application.html.erb
  Rendering users/login.html.erb within layouts/application
  Rendered users/login.html.erb within layouts/application (Duration: 7.5ms | Allocations: 2815)
  Rendered layout layouts/application.html.erb (Duration: 8.8ms | Allocations: 2906)
Completed 500 Internal Server Error in 11ms (ActiveRecord: 0.0ms | Allocations: 3149)


  
ActionView::Template::Error (The asset "quad-logo.png" is not present in the asset pipeline.
):
     6: </head>
     7: <body>
     8:     <div class="login-container">
     9:         <%= image_tag 'quad-logo.png', alt: 'Quad Logo', class: 'logo' %> <!-- Replace 'quad-logo.png' with your actual logo image -->
    10:         <h1>Welcome back to Quad</h1>
    11:         <p class="sign-in-text">sign in.</p>
    12:         <%= form_with url: login_path, local: true do |form| %>
  
app/views/users/login.html.erb:9
Started GET "/login" for 192.168.65.1 at 2024-02-20 17:55:06 +0000
Cannot render console from 192.168.65.1! Allowed networks: 127.0.0.0/127.255.255.255, ::1
Processing by UsersController#login as HTML
  Rendering layout layouts/application.html.erb
  Rendering users/login.html.erb within layouts/application
  Rendered users/login.html.erb within layouts/application (Duration: 13.4ms | Allocations: 2902)
  Rendered layout layouts/application.html.erb (Duration: 16.4ms | Allocations: 3845)
Completed 200 OK in 21ms (Views: 20.2ms | ActiveRecord: 0.0ms | Allocations: 4546)


Started GET "/path-to-your-logo.png" for 192.168.65.1 at 2024-02-20 17:55:06 +0000
Cannot render console from 192.168.65.1! Allowed networks: 127.0.0.0/127.255.255.255, ::1
  
ActionController::RoutingError (No route matches [GET] "/path-to-your-logo.png"):
  
Started GET "/signup" for 192.168.65.1 at 2024-02-20 17:56:12 +0000
Cannot render console from 192.168.65.1! Allowed networks: 127.0.0.0/127.255.255.255, ::1
Processing by UsersController#signup as HTML
  Rendering layout layouts/application.html.erb
  Rendering users/signup.html.erb within layouts/application
  Rendered users/signup.html.erb within layouts/application (Duration: 71.9ms | Allocations: 12971)
  Rendered layout layouts/application.html.erb (Duration: 78.7ms | Allocations: 13837)
Completed 200 OK in 83ms (Views: 74.3ms | ActiveRecord: 7.0ms | Allocations: 14076)


Started GET "/" for 192.168.65.1 at 2024-02-20 17:56:46 +0000
Cannot render console from 192.168.65.1! Allowed networks: 127.0.0.0/127.255.255.255, ::1
Processing by UsersController#login as HTML
  Rendering layout layouts/application.html.erb
  Rendering users/login.html.erb within layouts/application
  Rendered users/login.html.erb within layouts/application (Duration: 7.1ms | Allocations: 2880)
  Rendered layout layouts/application.html.erb (Duration: 9.7ms | Allocations: 3814)
Completed 200 OK in 12ms (Views: 11.8ms | ActiveRecord: 0.0ms | Allocations: 4514)


Started GET "/path-to-your-logo.png" for 192.168.65.1 at 2024-02-20 17:56:47 +0000
Cannot render console from 192.168.65.1! Allowed networks: 127.0.0.0/127.255.255.255, ::1
  
ActionController::RoutingError (No route matches [GET] "/path-to-your-logo.png"):
  
Started GET "/signup" for 192.168.65.1 at 2024-02-20 17:56:50 +0000
Cannot render console from 192.168.65.1! Allowed networks: 127.0.0.0/127.255.255.255, ::1
Processing by UsersController#signup as HTML
  Rendering layout layouts/application.html.erb
  Rendering users/signup.html.erb within layouts/application
  Rendered users/signup.html.erb within layouts/application (Duration: 26.3ms | Allocations: 8632)
  Rendered layout layouts/application.html.erb (Duration: 30.5ms | Allocations: 9498)
Completed 200 OK in 32ms (Views: 27.1ms | ActiveRecord: 4.3ms | Allocations: 9737)


